2023-08-24 14:50:57,437 INFO notifyConnectTimeout:200

2023-08-24 14:50:57,448 INFO notifySocketTimeout:8000

2023-08-24 14:50:57,449 INFO isHealthCheck:true

2023-08-24 14:50:57,449 INFO maxHealthCheckFailCount:12

2023-08-24 14:50:57,449 INFO maxContent:10485760

2023-08-24 14:51:10,431 INFO use local db service for init

2023-08-24 14:51:12,203 WARN Lexical error at line 4, column 66.  Encountered: <EOF> after : "".

2023-08-24 14:51:12,220 WARN Syntax error: Encountered "*" at line 1, column 1.

2023-08-24 14:51:12,844 WARN Lexical error at line 4, column 13.  Encountered: "`" (96), after : "".

2023-08-24 14:51:12,846 WARN Lexical error at line 1, column 13.  Encountered: "`" (96), after : "".

2023-08-24 14:51:12,846 WARN Lexical error at line 1, column 13.  Encountered: "`" (96), after : "".

2023-08-24 14:51:12,846 WARN Lexical error at line 1, column 13.  Encountered: "`" (96), after : "".

2023-08-24 14:51:12,847 INFO use StandaloneDatabaseOperateImpl

2023-08-24 14:51:15,230 WARN DumpService start

2023-08-24 14:51:15,231 INFO start clear all config-info.

2023-08-24 14:51:15,231 WARN clear all config-info failed.

2023-08-24 14:51:15,231 WARN clear all config-info-tenant failed.

2023-08-24 14:51:15,401 INFO start clear all config-info-beta.

2023-08-24 14:51:15,404 WARN clear all config-info-beta failed.

2023-08-24 14:51:15,404 WARN clear all config-info-beta-tenant failed.

2023-08-24 14:51:15,473 INFO start clear all config-info-tag.

2023-08-24 14:51:15,475 WARN clear all config-info-tag failed.

2023-08-24 14:51:15,475 WARN clear all config-info-tag-tenant failed.

2023-08-24 15:56:08,185 INFO notifyConnectTimeout:200

2023-08-24 15:56:08,196 INFO notifySocketTimeout:8000

2023-08-24 15:56:08,197 INFO isHealthCheck:true

2023-08-24 15:56:08,197 INFO maxHealthCheckFailCount:12

2023-08-24 15:56:08,197 INFO maxContent:10485760

2023-08-24 15:56:19,566 INFO use local db service for init

2023-08-24 15:56:21,247 ERROR Failed to start database '/Users/czy/Desktop/czy/CS/SpringCloudStudy/SpringCloudStudy/nacos/data/derby-data' with class loader org.springframework.boot.loader.LaunchedURLClassLoader@49c2faae, see the next exception for details.

java.sql.SQLException: Failed to start database '/Users/czy/Desktop/czy/CS/SpringCloudStudy/SpringCloudStudy/nacos/data/derby-data' with class loader org.springframework.boot.loader.LaunchedURLClassLoader@49c2faae, see the next exception for details.
	at org.apache.derby.impl.jdbc.SQLExceptionFactory.getSQLException(Unknown Source)
	at org.apache.derby.impl.jdbc.SQLExceptionFactory.getSQLException(Unknown Source)
	at org.apache.derby.impl.jdbc.Util.seeNextException(Unknown Source)
	at org.apache.derby.impl.jdbc.EmbedConnection.bootDatabase(Unknown Source)
	at org.apache.derby.impl.jdbc.EmbedConnection.<init>(Unknown Source)
	at org.apache.derby.jdbc.InternalDriver$1.run(Unknown Source)
	at org.apache.derby.jdbc.InternalDriver$1.run(Unknown Source)
	at java.base/java.security.AccessController.doPrivileged(AccessController.java:569)
	at org.apache.derby.jdbc.InternalDriver.getNewEmbedConnection(Unknown Source)
	at org.apache.derby.jdbc.InternalDriver$LoginCallable.call(Unknown Source)
	at org.apache.derby.jdbc.InternalDriver$LoginCallable.call(Unknown Source)
	at java.base/java.util.concurrent.FutureTask.run(FutureTask.java:264)
	at java.base/java.util.concurrent.ThreadPoolExecutor.runWorker(ThreadPoolExecutor.java:1136)
	at java.base/java.util.concurrent.ThreadPoolExecutor$Worker.run(ThreadPoolExecutor.java:635)
	at java.base/java.lang.Thread.run(Thread.java:833)
Caused by: org.apache.derby.iapi.error.StandardException: Failed to start database '/Users/czy/Desktop/czy/CS/SpringCloudStudy/SpringCloudStudy/nacos/data/derby-data' with class loader org.springframework.boot.loader.LaunchedURLClassLoader@49c2faae, see the next exception for details.
	at org.apache.derby.iapi.error.StandardException.newException(Unknown Source)
	at org.apache.derby.impl.jdbc.SQLExceptionFactory.wrapArgsForTransportAcrossDRDA(Unknown Source)
	... 15 common frames omitted
Caused by: org.apache.derby.iapi.error.StandardException: Another instance of Derby may have already booted the database /Users/czy/Desktop/czy/CS/SpringCloudStudy/SpringCloudStudy/nacos/data/derby-data.
	at org.apache.derby.iapi.error.StandardException.newException(Unknown Source)
	at org.apache.derby.iapi.error.StandardException.newException(Unknown Source)
	at org.apache.derby.impl.store.raw.data.BaseDataFileFactory.privGetJBMSLockOnDB(Unknown Source)
	at org.apache.derby.impl.store.raw.data.BaseDataFileFactory.run(Unknown Source)
	at java.base/java.security.AccessController.doPrivileged(AccessController.java:569)
	at org.apache.derby.impl.store.raw.data.BaseDataFileFactory.getJBMSLockOnDB(Unknown Source)
	at org.apache.derby.impl.store.raw.data.BaseDataFileFactory.boot(Unknown Source)
	at org.apache.derby.impl.services.monitor.BaseMonitor.boot(Unknown Source)
	at org.apache.derby.impl.services.monitor.TopService.bootModule(Unknown Source)
	at org.apache.derby.impl.services.monitor.BaseMonitor.startModule(Unknown Source)
	at org.apache.derby.impl.services.monitor.FileMonitor.startModule(Unknown Source)
	at org.apache.derby.iapi.services.monitor.Monitor.bootServiceModule(Unknown Source)
	at org.apache.derby.impl.store.raw.RawStore$6.run(Unknown Source)
	at java.base/java.security.AccessController.doPrivileged(AccessController.java:569)
	at org.apache.derby.impl.store.raw.RawStore.bootServiceModule(Unknown Source)
	at org.apache.derby.impl.store.raw.RawStore.boot(Unknown Source)
	at org.apache.derby.impl.services.monitor.BaseMonitor.boot(Unknown Source)
	at org.apache.derby.impl.services.monitor.TopService.bootModule(Unknown Source)
	at org.apache.derby.impl.services.monitor.BaseMonitor.startModule(Unknown Source)
	at org.apache.derby.impl.services.monitor.FileMonitor.startModule(Unknown Source)
	at org.apache.derby.iapi.services.monitor.Monitor.bootServiceModule(Unknown Source)
	at org.apache.derby.impl.store.access.RAMAccessManager$5.run(Unknown Source)
	at java.base/java.security.AccessController.doPrivileged(AccessController.java:569)
	at org.apache.derby.impl.store.access.RAMAccessManager.bootServiceModule(Unknown Source)
	at org.apache.derby.impl.store.access.RAMAccessManager.boot(Unknown Source)
	at org.apache.derby.impl.services.monitor.BaseMonitor.boot(Unknown Source)
	at org.apache.derby.impl.services.monitor.TopService.bootModule(Unknown Source)
	at org.apache.derby.impl.services.monitor.BaseMonitor.startModule(Unknown Source)
	at org.apache.derby.impl.services.monitor.FileMonitor.startModule(Unknown Source)
	at org.apache.derby.iapi.services.monitor.Monitor.bootServiceModule(Unknown Source)
	at org.apache.derby.impl.db.BasicDatabase$5.run(Unknown Source)
	at java.base/java.security.AccessController.doPrivileged(AccessController.java:569)
	at org.apache.derby.impl.db.BasicDatabase.bootServiceModule(Unknown Source)
	at org.apache.derby.impl.db.BasicDatabase.bootStore(Unknown Source)
	at org.apache.derby.impl.db.BasicDatabase.boot(Unknown Source)
	at org.apache.derby.impl.services.monitor.BaseMonitor.boot(Unknown Source)
	at org.apache.derby.impl.services.monitor.TopService.bootModule(Unknown Source)
	at org.apache.derby.impl.services.monitor.BaseMonitor.bootService(Unknown Source)
	at org.apache.derby.impl.services.monitor.BaseMonitor.startProviderService(Unknown Source)
	at org.apache.derby.impl.services.monitor.BaseMonitor.findProviderAndStartService(Unknown Source)
	at org.apache.derby.impl.services.monitor.BaseMonitor.startPersistentService(Unknown Source)
	at org.apache.derby.iapi.services.monitor.Monitor.startPersistentService(Unknown Source)
	at org.apache.derby.impl.jdbc.EmbedConnection$4.run(Unknown Source)
	at org.apache.derby.impl.jdbc.EmbedConnection$4.run(Unknown Source)
	at java.base/java.security.AccessController.doPrivileged(AccessController.java:569)
	at org.apache.derby.impl.jdbc.EmbedConnection.startPersistentService(Unknown Source)
	... 12 common frames omitted
