2023-08-24 14:51:13,732 INFO raft peers changed: [Member{ip='10.18.69.222', port=8848, state=UP, extendInfo={raftPort=7848}}]

2023-08-24 14:51:13,787 INFO initializing Raft sub-system

2023-08-24 14:51:13,788 INFO finish loading all datums, size: 0 cost 1 ms.

2023-08-24 14:51:13,790 INFO cache loaded, datum count: 0, current term: 0

2023-08-24 14:51:13,790 INFO finish to load data from disk, cost: 3 ms.

2023-08-24 14:51:13,796 INFO timer started: leader timeout ms: 15000, heart-beat timeout ms: 5000

2023-08-24 14:51:14,916 INFO add listener: com.alibaba.nacos.naming.domains.meta.00-00---000-NACOS_SWITCH_DOMAIN-000---00-00

2023-08-24 14:51:14,959 INFO add listener: com.alibaba.nacos.naming.domains.meta.

2023-08-24 14:51:18,723 WARN start to close old raft protocol!!!

2023-08-24 14:51:18,724 WARN stop old raft protocol task for notifier

2023-08-24 14:51:18,727 WARN stop old raft protocol task for master task

2023-08-24 14:51:18,729 WARN stop old raft protocol task for heartbeat task

2023-08-24 14:51:18,729 WARN clean old cache datum for old raft

2023-08-24 14:51:18,729 WARN start to close old raft protocol!!!

2023-08-24 14:51:18,729 WARN stop old raft protocol task for notifier

2023-08-24 14:51:18,729 WARN stop old raft protocol task for master task

2023-08-24 14:51:18,729 WARN stop old raft protocol task for heartbeat task

2023-08-24 14:51:18,729 WARN clean old cache datum for old raft

2023-08-24 14:51:18,729 WARN start to move old raft protocol metadata

2023-08-24 14:51:18,749 WARN start to move old raft protocol metadata

2023-08-24 14:51:18,750 INFO raft peers changed: [Member{ip='10.18.69.222', port=8848, state=UP, extendInfo={lastRefreshTime=1692913878749, raftPort=7848, version=1.4.2}}]

2023-08-24 15:23:05,949 INFO add listener: com.alibaba.nacos.naming.iplist.public##DEFAULT_GROUP@@bookservice

2023-08-24 15:24:52,152 INFO add listener: com.alibaba.nacos.naming.iplist.public##DEFAULT_GROUP@@borrowservice

2023-08-24 15:25:32,625 INFO add listener: com.alibaba.nacos.naming.iplist.public##DEFAULT_GROUP@@userservice

2023-08-24 15:49:35,057 INFO [RAFT-NOTIFIER] datum is deleted, key: com.alibaba.nacos.naming.domains.meta.public##DEFAULT_GROUP@@bookservice

2023-08-24 15:49:35,059 INFO [RAFT-NOTIFIER] datum is deleted, key: com.alibaba.nacos.naming.domains.meta.public##DEFAULT_GROUP@@borrowservice

2023-08-24 15:49:35,059 INFO [RAFT-NOTIFIER] datum is deleted, key: com.alibaba.nacos.naming.domains.meta.public##DEFAULT_GROUP@@userservice

2023-08-24 15:50:53,086 INFO add listener: com.alibaba.nacos.naming.iplist.public##DEFAULT_GROUP@@bookservice

2023-08-24 15:50:54,841 INFO add listener: com.alibaba.nacos.naming.iplist.public##DEFAULT_GROUP@@userservice

2023-08-24 15:50:55,960 INFO add listener: com.alibaba.nacos.naming.iplist.public##DEFAULT_GROUP@@borrowservice

2023-08-24 16:14:09,150 INFO add listener: com.alibaba.nacos.naming.iplist.3a4f4100-b164-4c0e-be3e-49e4e0be6820##DEFAULT_GROUP@@bookservice

2023-08-24 16:14:11,214 INFO add listener: com.alibaba.nacos.naming.iplist.3a4f4100-b164-4c0e-be3e-49e4e0be6820##DEFAULT_GROUP@@userservice

2023-08-24 16:14:13,210 INFO add listener: com.alibaba.nacos.naming.iplist.3a4f4100-b164-4c0e-be3e-49e4e0be6820##DEFAULT_GROUP@@borrowservice

2023-08-24 16:14:13,281 INFO [RAFT-NOTIFIER] datum is changed, key: com.alibaba.nacos.naming.domains.meta.3a4f4100-b164-4c0e-be3e-49e4e0be6820##DEFAULT_GROUP@@borrowservice, value: Service{name='DEFAULT_GROUP@@borrowservice', protectThreshold=0.0, appName='null', groupName='DEFAULT_GROUP', metadata={}}

2023-08-24 16:14:13,290 INFO add listener: com.alibaba.nacos.naming.iplist.3a4f4100-b164-4c0e-be3e-49e4e0be6820##DEFAULT_GROUP@@borrowservice

2023-08-24 16:16:04,983 INFO [RAFT-NOTIFIER] datum is deleted, key: com.alibaba.nacos.naming.domains.meta.public##DEFAULT_GROUP@@bookservice

2023-08-24 16:16:04,991 INFO [RAFT-NOTIFIER] datum is deleted, key: com.alibaba.nacos.naming.domains.meta.public##DEFAULT_GROUP@@borrowservice

2023-08-24 16:16:04,994 INFO [RAFT-NOTIFIER] datum is deleted, key: com.alibaba.nacos.naming.domains.meta.public##DEFAULT_GROUP@@userservice

