2023-08-24 14:51:45,666 INFO PERFORMANCE:|0|0|-1|-1

2023-08-24 14:56:45,672 INFO PERFORMANCE:|0|0|-1|-1

2023-08-24 15:01:45,679 INFO PERFORMANCE:|0|0|-1|-1

2023-08-24 15:06:45,681 INFO PERFORMANCE:|0|0|-1|-1

2023-08-24 15:11:45,688 INFO PERFORMANCE:|0|0|-1|-1

2023-08-24 15:16:45,691 INFO PERFORMANCE:|0|0|-1|-1

2023-08-24 15:21:45,697 INFO PERFORMANCE:|0|0|-1|-1

2023-08-24 15:26:45,704 INFO PERFORMANCE:|3|3|-1|-1

2023-08-24 15:31:45,711 INFO PERFORMANCE:|3|3|-1|-1

2023-08-24 15:36:45,740 INFO PERFORMANCE:|3|3|-1|-1

2023-08-24 15:41:45,748 INFO PERFORMANCE:|3|4|-1|-1

2023-08-24 15:46:45,757 INFO PERFORMANCE:|3|4|-1|-1

2023-08-24 15:51:45,765 INFO PERFORMANCE:|3|5|-1|-1

2023-08-24 15:56:45,770 INFO PERFORMANCE:|3|5|-1|-1

2023-08-24 16:01:45,758 INFO PERFORMANCE:|3|5|-1|-1

2023-08-24 16:06:45,765 INFO PERFORMANCE:|3|5|-1|-1

2023-08-24 16:11:45,772 INFO PERFORMANCE:|3|5|-1|-1

2023-08-24 16:16:45,776 INFO PERFORMANCE:|3|5|-1|-1

2023-08-24 16:21:45,782 INFO PERFORMANCE:|3|5|-1|-1

2023-08-24 16:26:45,808 INFO PERFORMANCE:|3|5|-1|-1

2023-08-24 16:31:45,818 INFO PERFORMANCE:|3|5|-1|-1

2023-08-24 16:36:45,824 INFO PERFORMANCE:|3|5|-1|-1

2023-08-24 16:41:45,830 INFO PERFORMANCE:|3|5|-1|-1

2023-08-24 16:46:45,837 INFO PERFORMANCE:|3|5|-1|-1

2023-08-24 16:51:45,844 INFO PERFORMANCE:|3|5|-1|-1

2023-08-24 16:56:45,839 INFO PERFORMANCE:|3|5|-1|-1

2023-08-24 17:01:45,844 INFO PERFORMANCE:|3|5|-1|-1

2023-08-24 17:06:45,848 INFO PERFORMANCE:|3|5|-1|-1

2023-08-24 17:11:45,857 INFO PERFORMANCE:|3|5|-1|-1

2023-08-24 17:16:45,863 INFO PERFORMANCE:|3|5|-1|-1

2023-08-24 17:21:45,858 INFO PERFORMANCE:|3|5|-1|-1

2023-08-24 17:26:45,856 INFO PERFORMANCE:|3|5|-1|-1

2023-08-24 17:31:45,859 INFO PERFORMANCE:|3|5|-1|-1

2023-08-24 17:36:45,863 INFO PERFORMANCE:|3|5|-1|-1

2023-08-24 17:41:45,870 INFO PERFORMANCE:|3|5|-1|-1

2023-08-24 17:46:45,876 INFO PERFORMANCE:|3|5|-1|-1

2023-08-24 17:51:45,910 INFO PERFORMANCE:|3|5|-1|-1

2023-08-24 17:56:45,919 INFO PERFORMANCE:|3|5|-1|-1

2023-08-24 18:01:45,928 INFO PERFORMANCE:|3|5|-1|-1

2023-08-24 18:06:45,935 INFO PERFORMANCE:|3|5|-1|-1

2023-08-24 18:11:45,945 INFO PERFORMANCE:|3|5|-1|-1

2023-08-24 18:16:45,943 INFO PERFORMANCE:|3|5|-1|-1

